TN:
SF:components/Button.vue
FN:26,(anonymous_1)
FN:31,(anonymous_2)
FNF:2
FNH:1
FNDA:1,(anonymous_1)
FNDA:0,(anonymous_2)
DA:27,1
DA:32,0
DA:33,0
DA:35,0
DA:36,0
DA:38,0
LF:6
LH:1
BRDA:32,0,0,0
BRDA:32,0,1,0
BRDA:32,1,0,0
BRDA:32,1,1,0
BRDA:35,2,0,0
BRDA:35,2,1,0
BRF:6
BRH:0
end_of_record
TN:
SF:components/Chart.vue
FN:14,(anonymous_1)
FNF:1
FNH:0
FNDA:0,(anonymous_1)
DA:2,0
DA:3,0
DA:15,0
LF:3
LH:0
BRF:0
BRH:0
end_of_record
TN:
SF:components/DialogEdit.vue
FN:154,(anonymous_5)
FN:174,(anonymous_6)
FN:177,(anonymous_7)
FN:182,(anonymous_8)
FN:185,(anonymous_9)
FN:190,(anonymous_10)
FN:193,(anonymous_11)
FN:199,(anonymous_12)
FN:201,(anonymous_13)
FN:213,(anonymous_14)
FN:222,(anonymous_15)
FN:227,(anonymous_16)
FN:232,(anonymous_17)
FN:241,(anonymous_18)
FN:258,(anonymous_19)
FN:266,(anonymous_20)
FN:274,(anonymous_21)
FN:278,(anonymous_22)
FN:281,(anonymous_23)
FN:284,(anonymous_24)
FN:288,(anonymous_25)
FN:308,(anonymous_26)
FN:309,(anonymous_27)
FN:330,(anonymous_28)
FN:339,(anonymous_29)
FN:342,(anonymous_30)
FNF:26
FNH:0
FNDA:0,(anonymous_5)
FNDA:0,(anonymous_6)
FNDA:0,(anonymous_7)
FNDA:0,(anonymous_8)
FNDA:0,(anonymous_9)
FNDA:0,(anonymous_10)
FNDA:0,(anonymous_11)
FNDA:0,(anonymous_12)
FNDA:0,(anonymous_13)
FNDA:0,(anonymous_14)
FNDA:0,(anonymous_15)
FNDA:0,(anonymous_16)
FNDA:0,(anonymous_17)
FNDA:0,(anonymous_18)
FNDA:0,(anonymous_19)
FNDA:0,(anonymous_20)
FNDA:0,(anonymous_21)
FNDA:0,(anonymous_22)
FNDA:0,(anonymous_23)
FNDA:0,(anonymous_24)
FNDA:0,(anonymous_25)
FNDA:0,(anonymous_26)
FNDA:0,(anonymous_27)
FNDA:0,(anonymous_28)
FNDA:0,(anonymous_29)
FNDA:0,(anonymous_30)
DA:128,0
DA:129,0
DA:130,0
DA:155,0
DA:175,0
DA:178,0
DA:183,0
DA:186,0
DA:191,0
DA:194,0
DA:200,0
DA:201,0
DA:202,0
DA:203,0
DA:206,0
DA:208,0
DA:209,0
DA:214,0
DA:215,0
DA:216,0
DA:218,0
DA:223,0
DA:225,0
DA:226,0
DA:227,0
DA:228,0
DA:229,0
DA:230,0
DA:231,0
DA:232,0
DA:233,0
DA:234,0
DA:237,0
DA:238,0
DA:239,0
DA:241,0
DA:242,0
DA:245,0
DA:253,0
DA:259,0
DA:260,0
DA:266,0
DA:267,0
DA:268,0
DA:271,0
DA:275,0
DA:276,0
DA:279,0
DA:282,0
DA:285,0
DA:289,0
DA:290,0
DA:293,0
DA:296,0
DA:306,0
DA:308,0
DA:309,0
DA:312,0
DA:324,0
DA:326,0
DA:327,0
DA:328,0
DA:331,0
DA:332,0
DA:333,0
DA:335,0
DA:336,0
DA:340,0
DA:342,0
DA:344,0
DA:345,0
DA:347,0
LF:72
LH:0
BRDA:200,0,0,0
BRDA:200,0,1,0
BRDA:202,1,0,0
BRDA:202,1,1,0
BRDA:230,2,0,0
BRDA:230,2,1,0
BRDA:238,3,0,0
BRDA:238,3,1,0
BRDA:331,4,0,0
BRDA:331,4,1,0
BRDA:340,5,0,0
BRDA:340,5,1,0
BRDA:342,6,0,0
BRDA:342,6,1,0
BRF:14
BRH:0
end_of_record
TN:
SF:components/Main.vue
FN:59,(anonymous_5)
FN:99,(anonymous_6)
FN:108,(anonymous_7)
FN:117,(anonymous_8)
FN:121,(anonymous_9)
FN:141,(anonymous_10)
FN:145,(anonymous_11)
FN:162,(anonymous_12)
FN:167,(anonymous_13)
FN:174,(anonymous_14)
FN:192,(anonymous_15)
FN:197,(anonymous_16)
FN:204,(anonymous_17)
FN:212,(anonymous_18)
FN:217,(anonymous_19)
FN:245,(anonymous_20)
FN:254,(anonymous_21)
FN:264,(anonymous_22)
FNF:18
FNH:0
FNDA:0,(anonymous_5)
FNDA:0,(anonymous_6)
FNDA:0,(anonymous_7)
FNDA:0,(anonymous_8)
FNDA:0,(anonymous_9)
FNDA:0,(anonymous_10)
FNDA:0,(anonymous_11)
FNDA:0,(anonymous_12)
FNDA:0,(anonymous_13)
FNDA:0,(anonymous_14)
FNDA:0,(anonymous_15)
FNDA:0,(anonymous_16)
FNDA:0,(anonymous_17)
FNDA:0,(anonymous_18)
FNDA:0,(anonymous_19)
FNDA:0,(anonymous_20)
FNDA:0,(anonymous_21)
FNDA:0,(anonymous_22)
DA:42,0
DA:43,0
DA:44,0
DA:45,0
DA:46,0
DA:47,0
DA:48,0
DA:49,0
DA:60,0
DA:100,0
DA:109,0
DA:118,0
DA:122,0
DA:123,0
DA:124,0
DA:125,0
DA:126,0
DA:127,0
DA:128,0
DA:142,0
DA:143,0
DA:146,0
DA:147,0
DA:148,0
DA:149,0
DA:150,0
DA:151,0
DA:163,0
DA:164,0
DA:168,0
DA:169,0
DA:170,0
DA:171,0
DA:173,0
DA:174,0
DA:175,0
DA:176,0
DA:184,0
DA:185,0
DA:189,0
DA:193,0
DA:194,0
DA:198,0
DA:201,0
DA:202,0
DA:204,0
DA:205,0
DA:206,0
DA:209,0
DA:212,0
DA:213,0
DA:215,0
DA:216,0
DA:217,0
DA:219,0
DA:220,0
DA:222,0
DA:223,0
DA:225,0
DA:229,0
DA:233,0
DA:238,0
DA:246,0
DA:247,0
DA:248,0
DA:249,0
DA:251,0
DA:255,0
DA:256,0
DA:257,0
DA:258,0
DA:259,0
DA:261,0
DA:265,0
DA:266,0
DA:267,0
DA:268,0
DA:270,0
DA:271,0
DA:272,0
DA:274,0
LF:81
LH:0
BRDA:222,0,0,0
BRDA:222,0,1,0
BRDA:267,1,0,0
BRDA:267,1,1,0
BRF:4
BRH:0
end_of_record
TN:
SF:components/Message.vue
FN:74,(anonymous_5)
FN:80,(anonymous_6)
FN:85,(anonymous_7)
FN:109,(anonymous_8)
FNF:4
FNH:0
FNDA:0,(anonymous_5)
FNDA:0,(anonymous_6)
FNDA:0,(anonymous_7)
FNDA:0,(anonymous_8)
DA:39,0
DA:40,0
DA:41,0
DA:75,0
DA:76,0
DA:77,0
DA:78,0
DA:80,0
DA:81,0
DA:83,0
DA:84,0
DA:85,0
DA:87,0
DA:88,0
DA:90,0
DA:91,0
DA:93,0
DA:97,0
DA:100,0
DA:101,0
DA:104,0
DA:106,0
DA:110,0
DA:111,0
DA:112,0
DA:113,0
LF:26
LH:0
BRDA:90,0,0,0
BRDA:90,0,1,0
BRDA:100,1,0,0
BRDA:100,1,1,0
BRF:4
BRH:0
end_of_record
TN:
SF:components/MessageList.vue
FN:30,(anonymous_2)
FN:31,(anonymous_3)
FN:47,(anonymous_4)
FN:50,(anonymous_5)
FNF:4
FNH:0
FNDA:0,(anonymous_2)
FNDA:0,(anonymous_3)
FNDA:0,(anonymous_4)
FNDA:0,(anonymous_5)
DA:20,0
DA:31,0
DA:35,0
DA:36,0
DA:38,0
DA:39,0
DA:41,0
DA:48,0
DA:51,0
DA:52,0
LF:10
LH:0
BRDA:35,0,0,0
BRDA:35,0,1,0
BRDA:38,1,0,0
BRDA:38,1,1,0
BRF:4
BRH:0
end_of_record
TN:
SF:components/SocialLogin.vue
FN:47,(anonymous_1)
FN:48,(anonymous_2)
FN:54,(anonymous_3)
FN:59,(anonymous_4)
FN:61,(anonymous_5)
FN:71,(anonymous_6)
FNF:6
FNH:0
FNDA:0,(anonymous_1)
FNDA:0,(anonymous_2)
FNDA:0,(anonymous_3)
FNDA:0,(anonymous_4)
FNDA:0,(anonymous_5)
FNDA:0,(anonymous_6)
DA:48,0
DA:51,0
DA:56,0
DA:60,0
DA:68,0
DA:73,0
DA:74,0
DA:75,0
DA:77,0
LF:9
LH:0
BRDA:74,0,0,0
BRDA:74,0,1,0
BRF:2
BRH:0
end_of_record
TN:
SF:components/TextBox.vue
FN:144,(anonymous_5)
FN:162,(anonymous_6)
FN:164,(anonymous_7)
FN:178,(anonymous_8)
FN:193,(anonymous_9)
FN:198,(anonymous_10)
FN:208,(anonymous_11)
FN:236,(anonymous_12)
FN:244,(anonymous_13)
FN:252,(anonymous_14)
FN:259,(anonymous_15)
FN:262,(anonymous_16)
FN:266,(anonymous_17)
FN:283,(anonymous_18)
FN:284,(anonymous_19)
FN:298,(anonymous_20)
FN:307,(anonymous_21)
FN:312,(anonymous_22)
FNF:18
FNH:0
FNDA:0,(anonymous_5)
FNDA:0,(anonymous_6)
FNDA:0,(anonymous_7)
FNDA:0,(anonymous_8)
FNDA:0,(anonymous_9)
FNDA:0,(anonymous_10)
FNDA:0,(anonymous_11)
FNDA:0,(anonymous_12)
FNDA:0,(anonymous_13)
FNDA:0,(anonymous_14)
FNDA:0,(anonymous_15)
FNDA:0,(anonymous_16)
FNDA:0,(anonymous_17)
FNDA:0,(anonymous_18)
FNDA:0,(anonymous_19)
FNDA:0,(anonymous_20)
FNDA:0,(anonymous_21)
FNDA:0,(anonymous_22)
DA:125,0
DA:126,0
DA:127,0
DA:128,0
DA:145,0
DA:163,0
DA:164,0
DA:165,0
DA:166,0
DA:169,0
DA:172,0
DA:173,0
DA:179,0
DA:181,0
DA:188,0
DA:190,0
DA:191,0
DA:193,0
DA:194,0
DA:195,0
DA:196,0
DA:197,0
DA:198,0
DA:199,0
DA:200,0
DA:203,0
DA:205,0
DA:206,0
DA:208,0
DA:209,0
DA:212,0
DA:213,0
DA:216,0
DA:224,0
DA:225,0
DA:226,0
DA:227,0
DA:228,0
DA:232,0
DA:237,0
DA:238,0
DA:244,0
DA:245,0
DA:246,0
DA:249,0
DA:253,0
DA:254,0
DA:255,0
DA:256,0
DA:257,0
DA:260,0
DA:263,0
DA:267,0
DA:268,0
DA:271,0
DA:273,0
DA:275,0
DA:279,0
DA:281,0
DA:283,0
DA:284,0
DA:287,0
DA:292,0
DA:294,0
DA:295,0
DA:296,0
DA:299,0
DA:300,0
DA:301,0
DA:303,0
DA:304,0
DA:308,0
DA:309,0
DA:312,0
DA:313,0
DA:314,0
DA:316,0
LF:77
LH:0
BRDA:163,0,0,0
BRDA:163,0,1,0
BRDA:165,1,0,0
BRDA:165,1,1,0
BRDA:196,2,0,0
BRDA:196,2,1,0
BRDA:205,3,0,0
BRDA:205,3,1,0
BRDA:212,4,0,0
BRDA:212,4,1,0
BRDA:299,5,0,0
BRDA:299,5,1,0
BRDA:308,6,0,0
BRDA:308,6,1,0
BRDA:312,7,0,0
BRDA:312,7,1,0
BRF:16
BRH:0
end_of_record
TN:
SF:components/TotalTime.vue
FN:35,(anonymous_1)
FNF:1
FNH:0
FNDA:0,(anonymous_1)
DA:36,0
LF:1
LH:0
BRF:0
BRH:0
end_of_record
TN:
SF:pages/MyPage.vue
FN:43,(anonymous_5)
FN:77,(anonymous_6)
FN:86,(anonymous_7)
FN:107,(anonymous_8)
FN:116,(anonymous_9)
FN:119,(anonymous_10)
FN:139,(anonymous_11)
FN:143,(anonymous_12)
FNF:8
FNH:0
FNDA:0,(anonymous_5)
FNDA:0,(anonymous_6)
FNDA:0,(anonymous_7)
FNDA:0,(anonymous_8)
FNDA:0,(anonymous_9)
FNDA:0,(anonymous_10)
FNDA:0,(anonymous_11)
FNDA:0,(anonymous_12)
DA:30,0
DA:31,0
DA:32,0
DA:33,0
DA:34,0
DA:35,0
DA:44,0
DA:78,0
DA:87,0
DA:108,0
DA:109,0
DA:111,0
DA:117,0
DA:118,0
DA:119,0
DA:120,0
DA:123,0
DA:125,0
DA:128,0
DA:140,0
DA:141,0
DA:143,0
DA:144,0
DA:146,0
DA:147,0
DA:149,0
DA:150,0
DA:152,0
DA:153,0
DA:155,0
DA:156,0
DA:158,0
DA:159,0
DA:161,0
DA:162,0
DA:165,0
DA:167,0
DA:170,0
DA:171,0
DA:172,0
LF:40
LH:0
BRDA:146,0,0,0
BRDA:146,0,1,0
BRDA:149,1,0,0
BRDA:149,1,1,0
BRDA:152,2,0,0
BRDA:152,2,1,0
BRDA:155,3,0,0
BRDA:155,3,1,0
BRDA:158,4,0,0
BRDA:158,4,1,0
BRDA:161,5,0,0
BRDA:161,5,1,0
BRF:12
BRH:0
end_of_record
TN:
SF:pages/index.vue
FNF:0
FNH:0
DA:16,0
DA:17,0
LF:2
LH:0
BRF:0
BRH:0
end_of_record
TN:
SF:pages/login.vue
FN:72,(anonymous_2)
FN:84,(anonymous_3)
FN:86,(anonymous_4)
FN:96,(anonymous_5)
FNF:4
FNH:0
FNDA:0,(anonymous_2)
FNDA:0,(anonymous_3)
FNDA:0,(anonymous_4)
FNDA:0,(anonymous_5)
DA:64,0
DA:65,0
DA:73,0
DA:85,0
DA:91,0
DA:92,0
DA:93,0
DA:98,0
DA:99,0
DA:100,0
DA:102,0
LF:11
LH:0
BRDA:99,0,0,0
BRDA:99,0,1,0
BRF:2
BRH:0
end_of_record
TN:
SF:pages/register.vue
FN:94,(anonymous_2)
FN:102,(anonymous_3)
FN:111,(anonymous_4)
FN:115,(anonymous_6)
FN:128,(anonymous_7)
FN:131,(anonymous_8)
FN:163,(anonymous_9)
FN:166,(anonymous_10)
FN:180,(anonymous_11)
FNF:9
FNH:0
FNDA:0,(anonymous_2)
FNDA:0,(anonymous_3)
FNDA:0,(anonymous_4)
FNDA:0,(anonymous_6)
FNDA:0,(anonymous_7)
FNDA:0,(anonymous_8)
FNDA:0,(anonymous_9)
FNDA:0,(anonymous_10)
FNDA:0,(anonymous_11)
DA:85,0
DA:86,0
DA:87,0
DA:95,0
DA:104,0
DA:105,0
DA:107,0
DA:111,0
DA:117,0
DA:118,0
DA:120,0
DA:129,0
DA:132,0
DA:133,0
DA:135,0
DA:140,0
DA:145,0
DA:150,0
DA:155,0
DA:164,0
DA:165,0
DA:171,0
DA:172,0
DA:173,0
DA:182,0
DA:183,0
DA:184,0
DA:185,0
DA:187,0
LF:29
LH:0
BRDA:104,0,0,0
BRDA:104,0,1,0
BRDA:105,1,0,0
BRDA:105,1,1,0
BRDA:111,2,0,0
BRDA:111,2,1,0
BRDA:117,3,0,0
BRDA:117,3,1,0
BRDA:118,4,0,0
BRDA:118,4,1,0
BRDA:134,5,0,0
BRDA:134,5,1,0
BRDA:134,5,2,0
BRDA:134,5,3,0
BRDA:134,5,4,0
BRDA:164,6,0,0
BRDA:164,6,1,0
BRDA:182,7,0,0
BRDA:182,7,1,0
BRDA:184,8,0,0
BRDA:184,8,1,0
BRF:21
BRH:0
end_of_record
TN:
SF:pages/top.vue
FN:94,(anonymous_2)
FN:103,(anonymous_3)
FN:104,(anonymous_4)
FN:110,(anonymous_5)
FN:115,(anonymous_6)
FN:117,(anonymous_7)
FN:127,(anonymous_8)
FNF:7
FNH:0
FNDA:0,(anonymous_2)
FNDA:0,(anonymous_3)
FNDA:0,(anonymous_4)
FNDA:0,(anonymous_5)
FNDA:0,(anonymous_6)
FNDA:0,(anonymous_7)
FNDA:0,(anonymous_8)
DA:88,0
DA:95,0
DA:104,0
DA:107,0
DA:112,0
DA:116,0
DA:124,0
DA:130,0
DA:131,0
DA:133,0
LF:10
LH:0
BRDA:130,0,0,0
BRDA:130,0,1,0
BRF:2
BRH:0
end_of_record
